2025-12-05T09:17:29.405+09:00  INFO 24416 --- [eureka-server] [main] c.l.eureka.EurekaServerApplication       : Starting EurekaServerApplication using Java 21.0.4 with PID 24416 (C:\SOCHEAT_HUN\Microservice\lovedev_api_v2\eureka-server\target\classes started by User in C:\SOCHEAT_HUN\Microservice\lovedev_api_v2)
2025-12-05T09:17:29.413+09:00 DEBUG 24416 --- [eureka-server] [main] c.l.eureka.EurekaServerApplication       : Running with Spring Boot v3.3.5, Spring v6.1.14
2025-12-05T09:17:29.414+09:00  INFO 24416 --- [eureka-server] [main] c.l.eureka.EurekaServerApplication       : The following 1 profile is active: "dev"
2025-12-05T09:17:30.305+09:00  INFO 24416 --- [eureka-server] [main] o.s.cloud.context.scope.GenericScope     : BeanFactory id=f2face5a-a647-3605-acff-ffd4e41a0ca6
2025-12-05T09:17:30.347+09:00  WARN 24416 --- [eureka-server] [main] trationDelegate$BeanPostProcessorChecker : Bean 'org.springframework.cloud.client.loadbalancer.LoadBalancerAutoConfiguration$DeferringLoadBalancerInterceptorConfig' of type [org.springframework.cloud.client.loadbalancer.LoadBalancerAutoConfiguration$DeferringLoadBalancerInterceptorConfig] is not eligible for getting processed by all BeanPostProcessors (for example: not eligible for auto-proxying). The currently created BeanPostProcessor [lbRestClientPostProcessor] is declared through a non-static factory method on that class; consider declaring it as static instead.
2025-12-05T09:17:30.350+09:00  WARN 24416 --- [eureka-server] [main] trationDelegate$BeanPostProcessorChecker : Bean 'deferringLoadBalancerInterceptor' of type [org.springframework.cloud.client.loadbalancer.DeferringLoadBalancerInterceptor] is not eligible for getting processed by all BeanPostProcessors (for example: not eligible for auto-proxying). Is this bean getting eagerly injected/applied to a currently created BeanPostProcessor [lbRestClientPostProcessor]? Check the corresponding BeanPostProcessor declaration and its dependencies/advisors. If this bean does not have to be post-processed, declare it with ROLE_INFRASTRUCTURE.
2025-12-05T09:17:30.552+09:00  INFO 24416 --- [eureka-server] [main] o.s.b.w.embedded.tomcat.TomcatWebServer  : Tomcat initialized with port 8761 (http)
2025-12-05T09:17:30.565+09:00  INFO 24416 --- [eureka-server] [main] o.apache.catalina.core.StandardService   : Starting service [Tomcat]
2025-12-05T09:17:30.565+09:00  INFO 24416 --- [eureka-server] [main] o.apache.catalina.core.StandardEngine    : Starting Servlet engine: [Apache Tomcat/10.1.31]
2025-12-05T09:17:30.640+09:00  INFO 24416 --- [eureka-server] [main] o.a.c.c.C.[Tomcat].[localhost].[/]       : Initializing Spring embedded WebApplicationContext
2025-12-05T09:17:30.640+09:00  INFO 24416 --- [eureka-server] [main] w.s.c.ServletWebServerApplicationContext : Root WebApplicationContext: initialization completed in 1187 ms
2025-12-05T09:17:31.432+09:00  INFO 24416 --- [eureka-server] [main] c.n.d.provider.DiscoveryJerseyProvider   : Using JSON encoding codec LegacyJacksonJson
2025-12-05T09:17:31.433+09:00  INFO 24416 --- [eureka-server] [main] c.n.d.provider.DiscoveryJerseyProvider   : Using JSON decoding codec LegacyJacksonJson
2025-12-05T09:17:31.582+09:00  INFO 24416 --- [eureka-server] [main] c.n.d.provider.DiscoveryJerseyProvider   : Using XML encoding codec XStreamXml
2025-12-05T09:17:31.582+09:00  INFO 24416 --- [eureka-server] [main] c.n.d.provider.DiscoveryJerseyProvider   : Using XML decoding codec XStreamXml
2025-12-05T09:17:32.443+09:00  WARN 24416 --- [eureka-server] [main] iguration$LoadBalancerCaffeineWarnLogger : Spring Cloud LoadBalancer is currently working with the default cache. While this cache implementation is useful for development and tests, it's recommended to use Caffeine cache in production.You can switch to using Caffeine cache, by adding it and org.springframework.cache.caffeine.CaffeineCacheManager to the classpath.
2025-12-05T09:17:32.457+09:00  INFO 24416 --- [eureka-server] [main] o.s.c.n.eureka.InstanceInfoFactory       : Setting initial instance status as: STARTING
2025-12-05T09:17:32.474+09:00  INFO 24416 --- [eureka-server] [main] com.netflix.discovery.DiscoveryClient    : Initializing Eureka in region us-east-1
2025-12-05T09:17:32.474+09:00  INFO 24416 --- [eureka-server] [main] com.netflix.discovery.DiscoveryClient    : Client configured to neither register nor query for data.
2025-12-05T09:17:32.476+09:00  INFO 24416 --- [eureka-server] [main] com.netflix.discovery.DiscoveryClient    : Discovery Client initialized at timestamp 1764893852475 with initial instances count: 0
2025-12-05T09:17:32.512+09:00  INFO 24416 --- [eureka-server] [main] c.n.eureka.DefaultEurekaServerContext    : Initializing ...
2025-12-05T09:17:32.514+09:00  WARN 24416 --- [eureka-server] [main] c.n.eureka.cluster.PeerEurekaNodes       : The replica size seems to be empty. Check the route 53 DNS Registry
2025-12-05T09:17:32.524+09:00  INFO 24416 --- [eureka-server] [main] c.n.e.registry.AbstractInstanceRegistry  : Finished initializing remote region registries. All known remote regions: []
2025-12-05T09:17:32.524+09:00  INFO 24416 --- [eureka-server] [main] c.n.eureka.DefaultEurekaServerContext    : Initialized
2025-12-05T09:17:32.533+09:00  INFO 24416 --- [eureka-server] [main] o.s.b.a.e.web.EndpointLinksResolver      : Exposing 18 endpoints beneath base path '/actuator'
2025-12-05T09:17:32.599+09:00  INFO 24416 --- [eureka-server] [main] o.s.c.n.e.s.EurekaServiceRegistry        : Registering application EUREKA-SERVER with eureka with status UP
2025-12-05T09:17:32.609+09:00  INFO 24416 --- [eureka-server] [Thread-9] o.s.c.n.e.server.EurekaServerBootstrap   : isAws returned false
2025-12-05T09:17:32.610+09:00  INFO 24416 --- [eureka-server] [Thread-9] o.s.c.n.e.server.EurekaServerBootstrap   : Initialized server context
2025-12-05T09:17:32.610+09:00  INFO 24416 --- [eureka-server] [Thread-9] c.n.e.r.PeerAwareInstanceRegistryImpl    : Got 1 instances from neighboring DS node
2025-12-05T09:17:32.610+09:00  INFO 24416 --- [eureka-server] [Thread-9] c.n.e.r.PeerAwareInstanceRegistryImpl    : Renew threshold is: 1
2025-12-05T09:17:32.610+09:00  INFO 24416 --- [eureka-server] [Thread-9] c.n.e.r.PeerAwareInstanceRegistryImpl    : Changing status to UP
2025-12-05T09:17:32.612+09:00  INFO 24416 --- [eureka-server] [Thread-9] e.s.EurekaServerInitializerConfiguration : Started Eureka Server
2025-12-05T09:17:32.620+09:00  INFO 24416 --- [eureka-server] [main] o.s.b.w.embedded.tomcat.TomcatWebServer  : Tomcat started on port 8761 (http) with context path '/'
2025-12-05T09:17:32.621+09:00  INFO 24416 --- [eureka-server] [main] .s.c.n.e.s.EurekaAutoServiceRegistration : Updating port to 8761
2025-12-05T09:17:32.640+09:00  INFO 24416 --- [eureka-server] [main] c.l.eureka.EurekaServerApplication       : Started EurekaServerApplication in 3.722 seconds (process running for 4.581)
2025-12-05T09:17:33.046+09:00  INFO 24416 --- [eureka-server] [RMI TCP Connection(4)-186.189.128.68] o.a.c.c.C.[Tomcat].[localhost].[/]       : Initializing Spring DispatcherServlet 'dispatcherServlet'
2025-12-05T09:17:33.046+09:00  INFO 24416 --- [eureka-server] [RMI TCP Connection(4)-186.189.128.68] o.s.web.servlet.DispatcherServlet        : Initializing Servlet 'dispatcherServlet'
2025-12-05T09:17:33.048+09:00  INFO 24416 --- [eureka-server] [RMI TCP Connection(4)-186.189.128.68] o.s.web.servlet.DispatcherServlet        : Completed initialization in 2 ms
2025-12-05T09:17:42.612+09:00  INFO 24416 --- [eureka-server] [Eureka-EvictionTimer] c.n.e.registry.AbstractInstanceRegistry  : Running the evict task with compensationTime 0ms
2025-12-05T09:17:42.613+09:00 DEBUG 24416 --- [eureka-server] [Eureka-EvictionTimer] c.n.e.registry.AbstractInstanceRegistry  : Running the evict task
2025-12-05T09:17:52.613+09:00  INFO 24416 --- [eureka-server] [Eureka-EvictionTimer] c.n.e.registry.AbstractInstanceRegistry  : Running the evict task with compensationTime 0ms
2025-12-05T09:17:52.613+09:00 DEBUG 24416 --- [eureka-server] [Eureka-EvictionTimer] c.n.e.registry.AbstractInstanceRegistry  : Running the evict task
2025-12-05T09:18:00.001+09:00 DEBUG 24416 --- [eureka-server] [Eureka-CacheFillTimer] c.n.eureka.registry.ResponseCacheImpl    : Updating the client cache from response cache
2025-12-05T09:18:02.613+09:00  INFO 24416 --- [eureka-server] [Eureka-EvictionTimer] c.n.e.registry.AbstractInstanceRegistry  : Running the evict task with compensationTime 0ms
2025-12-05T09:18:02.613+09:00 DEBUG 24416 --- [eureka-server] [Eureka-EvictionTimer] c.n.e.registry.AbstractInstanceRegistry  : Running the evict task
2025-12-05T09:18:12.613+09:00  INFO 24416 --- [eureka-server] [Eureka-EvictionTimer] c.n.e.registry.AbstractInstanceRegistry  : Running the evict task with compensationTime 0ms
2025-12-05T09:18:12.613+09:00 DEBUG 24416 --- [eureka-server] [Eureka-EvictionTimer] c.n.e.registry.AbstractInstanceRegistry  : Running the evict task
2025-12-05T09:18:22.614+09:00  INFO 24416 --- [eureka-server] [Eureka-EvictionTimer] c.n.e.registry.AbstractInstanceRegistry  : Running the evict task with compensationTime 0ms
2025-12-05T09:18:22.614+09:00 DEBUG 24416 --- [eureka-server] [Eureka-EvictionTimer] c.n.e.registry.AbstractInstanceRegistry  : Running the evict task
2025-12-05T09:18:30.002+09:00 DEBUG 24416 --- [eureka-server] [Eureka-CacheFillTimer] c.n.eureka.registry.ResponseCacheImpl    : Updating the client cache from response cache
2025-12-05T09:18:32.616+09:00  INFO 24416 --- [eureka-server] [Eureka-EvictionTimer] c.n.e.registry.AbstractInstanceRegistry  : Running the evict task with compensationTime 1ms
2025-12-05T09:18:32.616+09:00 DEBUG 24416 --- [eureka-server] [Eureka-EvictionTimer] c.n.e.registry.AbstractInstanceRegistry  : Running the evict task
2025-12-05T09:18:42.615+09:00  INFO 24416 --- [eureka-server] [Eureka-EvictionTimer] c.n.e.registry.AbstractInstanceRegistry  : Running the evict task with compensationTime 0ms
2025-12-05T09:18:42.616+09:00 DEBUG 24416 --- [eureka-server] [Eureka-EvictionTimer] c.n.e.registry.AbstractInstanceRegistry  : Running the evict task
2025-12-05T09:18:52.616+09:00  INFO 24416 --- [eureka-server] [Eureka-EvictionTimer] c.n.e.registry.AbstractInstanceRegistry  : Running the evict task with compensationTime 0ms
2025-12-05T09:18:52.616+09:00 DEBUG 24416 --- [eureka-server] [Eureka-EvictionTimer] c.n.e.registry.AbstractInstanceRegistry  : Running the evict task
2025-12-05T09:19:00.002+09:00 DEBUG 24416 --- [eureka-server] [Eureka-CacheFillTimer] c.n.eureka.registry.ResponseCacheImpl    : Updating the client cache from response cache
2025-12-05T09:19:02.616+09:00  INFO 24416 --- [eureka-server] [Eureka-EvictionTimer] c.n.e.registry.AbstractInstanceRegistry  : Running the evict task with compensationTime 0ms
2025-12-05T09:19:02.616+09:00 DEBUG 24416 --- [eureka-server] [Eureka-EvictionTimer] c.n.e.registry.AbstractInstanceRegistry  : Running the evict task
2025-12-05T09:19:09.317+09:00 DEBUG 24416 --- [eureka-server] [http-nio-8761-exec-1] c.n.e.registry.AbstractInstanceRegistry  : Fetching applications registry with remote regions: false, Regions argument []
2025-12-05T09:19:09.322+09:00 DEBUG 24416 --- [eureka-server] [http-nio-8761-exec-1] c.n.eureka.registry.ResponseCacheImpl    : New application cache entry {name=ALL_APPS, type=Application, format=JSON} with apps hashcode 
2025-12-05T09:19:09.452+09:00 DEBUG 24416 --- [eureka-server] [http-nio-8761-exec-3] c.n.e.resources.ApplicationResource      : Registering instance host.docker.internal:user-service:8081 (replication=null)
2025-12-05T09:19:09.452+09:00 DEBUG 24416 --- [eureka-server] [http-nio-8761-exec-3] c.n.e.registry.AbstractInstanceRegistry  : No previous lease information found; it is new registration
2025-12-05T09:19:09.453+09:00 DEBUG 24416 --- [eureka-server] [http-nio-8761-exec-3] c.n.e.registry.AbstractInstanceRegistry  : Processing override status using rule: [com.netflix.eureka.registry.rule.DownOrStartingRule, com.netflix.eureka.registry.rule.OverrideExistsRule, com.netflix.eureka.registry.rule.LeaseExistsRule, com.netflix.eureka.registry.rule.AlwaysMatchInstanceStatusRule]
2025-12-05T09:19:09.454+09:00 DEBUG 24416 --- [eureka-server] [http-nio-8761-exec-3] c.n.e.r.r.AlwaysMatchInstanceStatusRule  : Returning the default instance status UP for instance host.docker.internal:user-service:8081
2025-12-05T09:19:09.454+09:00 DEBUG 24416 --- [eureka-server] [http-nio-8761-exec-3] c.n.eureka.registry.ResponseCacheImpl    : Invalidating the response cache key : Application USER-SERVICE V1 JSON, full
2025-12-05T09:19:09.455+09:00 DEBUG 24416 --- [eureka-server] [http-nio-8761-exec-3] c.n.eureka.registry.ResponseCacheImpl    : Invalidating the response cache key : Application USER-SERVICE V1 JSON, compact
2025-12-05T09:19:09.455+09:00 DEBUG 24416 --- [eureka-server] [http-nio-8761-exec-3] c.n.eureka.registry.ResponseCacheImpl    : Invalidating the response cache key : Application ALL_APPS V1 JSON, full
2025-12-05T09:19:09.455+09:00 DEBUG 24416 --- [eureka-server] [http-nio-8761-exec-3] c.n.eureka.registry.ResponseCacheImpl    : Invalidating the response cache key : Application ALL_APPS V1 JSON, compact
2025-12-05T09:19:09.455+09:00 DEBUG 24416 --- [eureka-server] [http-nio-8761-exec-3] c.n.eureka.registry.ResponseCacheImpl    : Invalidating the response cache key : Application ALL_APPS_DELTA V1 JSON, full
2025-12-05T09:19:09.455+09:00 DEBUG 24416 --- [eureka-server] [http-nio-8761-exec-3] c.n.eureka.registry.ResponseCacheImpl    : Invalidating the response cache key : Application ALL_APPS_DELTA V1 JSON, compact
2025-12-05T09:19:09.455+09:00 DEBUG 24416 --- [eureka-server] [http-nio-8761-exec-3] c.n.eureka.registry.ResponseCacheImpl    : Invalidating the response cache key : VIP user-service V1 JSON, full
2025-12-05T09:19:09.456+09:00 DEBUG 24416 --- [eureka-server] [http-nio-8761-exec-3] c.n.eureka.registry.ResponseCacheImpl    : Invalidating the response cache key : SVIP user-service V1 JSON, full
2025-12-05T09:19:09.456+09:00 DEBUG 24416 --- [eureka-server] [http-nio-8761-exec-3] c.n.eureka.registry.ResponseCacheImpl    : Invalidating the response cache key : Application USER-SERVICE V2 JSON, full
2025-12-05T09:19:09.456+09:00 DEBUG 24416 --- [eureka-server] [http-nio-8761-exec-3] c.n.eureka.registry.ResponseCacheImpl    : Invalidating the response cache key : Application USER-SERVICE V2 JSON, compact
2025-12-05T09:19:09.456+09:00 DEBUG 24416 --- [eureka-server] [http-nio-8761-exec-3] c.n.eureka.registry.ResponseCacheImpl    : Invalidating the response cache key : Application ALL_APPS V2 JSON, full
2025-12-05T09:19:09.466+09:00 DEBUG 24416 --- [eureka-server] [http-nio-8761-exec-3] c.n.eureka.registry.ResponseCacheImpl    : Invalidating the response cache key : Application ALL_APPS V2 JSON, compact
2025-12-05T09:19:09.467+09:00 DEBUG 24416 --- [eureka-server] [http-nio-8761-exec-3] c.n.eureka.registry.ResponseCacheImpl    : Invalidating the response cache key : Application ALL_APPS_DELTA V2 JSON, full
2025-12-05T09:19:09.467+09:00 DEBUG 24416 --- [eureka-server] [http-nio-8761-exec-3] c.n.eureka.registry.ResponseCacheImpl    : Invalidating the response cache key : Application ALL_APPS_DELTA V2 JSON, compact
2025-12-05T09:19:09.467+09:00 DEBUG 24416 --- [eureka-server] [http-nio-8761-exec-3] c.n.eureka.registry.ResponseCacheImpl    : Invalidating the response cache key : VIP user-service V2 JSON, full
2025-12-05T09:19:09.467+09:00 DEBUG 24416 --- [eureka-server] [http-nio-8761-exec-3] c.n.eureka.registry.ResponseCacheImpl    : Invalidating the response cache key : SVIP user-service V2 JSON, full
2025-12-05T09:19:09.467+09:00 DEBUG 24416 --- [eureka-server] [http-nio-8761-exec-3] c.n.eureka.registry.ResponseCacheImpl    : Invalidating the response cache key : Application USER-SERVICE V1 XML, full
2025-12-05T09:19:09.467+09:00 DEBUG 24416 --- [eureka-server] [http-nio-8761-exec-3] c.n.eureka.registry.ResponseCacheImpl    : Invalidating the response cache key : Application USER-SERVICE V1 XML, compact
2025-12-05T09:19:09.467+09:00 DEBUG 24416 --- [eureka-server] [http-nio-8761-exec-3] c.n.eureka.registry.ResponseCacheImpl    : Invalidating the response cache key : Application ALL_APPS V1 XML, full
2025-12-05T09:19:09.467+09:00 DEBUG 24416 --- [eureka-server] [http-nio-8761-exec-3] c.n.eureka.registry.ResponseCacheImpl    : Invalidating the response cache key : Application ALL_APPS V1 XML, compact
2025-12-05T09:19:09.467+09:00 DEBUG 24416 --- [eureka-server] [http-nio-8761-exec-3] c.n.eureka.registry.ResponseCacheImpl    : Invalidating the response cache key : Application ALL_APPS_DELTA V1 XML, full
2025-12-05T09:19:09.467+09:00 DEBUG 24416 --- [eureka-server] [http-nio-8761-exec-3] c.n.eureka.registry.ResponseCacheImpl    : Invalidating the response cache key : Application ALL_APPS_DELTA V1 XML, compact
2025-12-05T09:19:09.467+09:00 DEBUG 24416 --- [eureka-server] [http-nio-8761-exec-3] c.n.eureka.registry.ResponseCacheImpl    : Invalidating the response cache key : VIP user-service V1 XML, full
2025-12-05T09:19:09.467+09:00 DEBUG 24416 --- [eureka-server] [http-nio-8761-exec-3] c.n.eureka.registry.ResponseCacheImpl    : Invalidating the response cache key : SVIP user-service V1 XML, full
2025-12-05T09:19:09.467+09:00 DEBUG 24416 --- [eureka-server] [http-nio-8761-exec-3] c.n.eureka.registry.ResponseCacheImpl    : Invalidating the response cache key : Application USER-SERVICE V2 XML, full
2025-12-05T09:19:09.467+09:00 DEBUG 24416 --- [eureka-server] [http-nio-8761-exec-3] c.n.eureka.registry.ResponseCacheImpl    : Invalidating the response cache key : Application USER-SERVICE V2 XML, compact
2025-12-05T09:19:09.467+09:00 DEBUG 24416 --- [eureka-server] [http-nio-8761-exec-3] c.n.eureka.registry.ResponseCacheImpl    : Invalidating the response cache key : Application ALL_APPS V2 XML, full
2025-12-05T09:19:09.467+09:00 DEBUG 24416 --- [eureka-server] [http-nio-8761-exec-3] c.n.eureka.registry.ResponseCacheImpl    : Invalidating the response cache key : Application ALL_APPS V2 XML, compact
2025-12-05T09:19:09.467+09:00 DEBUG 24416 --- [eureka-server] [http-nio-8761-exec-3] c.n.eureka.registry.ResponseCacheImpl    : Invalidating the response cache key : Application ALL_APPS_DELTA V2 XML, full
2025-12-05T09:19:09.467+09:00 DEBUG 24416 --- [eureka-server] [http-nio-8761-exec-3] c.n.eureka.registry.ResponseCacheImpl    : Invalidating the response cache key : Application ALL_APPS_DELTA V2 XML, compact
2025-12-05T09:19:09.467+09:00 DEBUG 24416 --- [eureka-server] [http-nio-8761-exec-3] c.n.eureka.registry.ResponseCacheImpl    : Invalidating the response cache key : VIP user-service V2 XML, full
2025-12-05T09:19:09.468+09:00 DEBUG 24416 --- [eureka-server] [http-nio-8761-exec-3] c.n.eureka.registry.ResponseCacheImpl    : Invalidating the response cache key : SVIP user-service V2 XML, full
2025-12-05T09:19:09.468+09:00  INFO 24416 --- [eureka-server] [http-nio-8761-exec-3] c.n.e.registry.AbstractInstanceRegistry  : Registered instance USER-SERVICE/host.docker.internal:user-service:8081 with status UP (replication=false)
2025-12-05T09:19:09.479+09:00 DEBUG 24416 --- [eureka-server] [http-nio-8761-exec-2] c.n.e.resources.ApplicationResource      : Registering instance host.docker.internal:user-service:8081 (replication=null)
2025-12-05T09:19:09.479+09:00 DEBUG 24416 --- [eureka-server] [http-nio-8761-exec-2] c.n.e.registry.AbstractInstanceRegistry  : Existing lease found (existing=1764893949382, provided=1764893949382
2025-12-05T09:19:09.479+09:00 DEBUG 24416 --- [eureka-server] [http-nio-8761-exec-2] c.n.e.registry.AbstractInstanceRegistry  : Processing override status using rule: [com.netflix.eureka.registry.rule.DownOrStartingRule, com.netflix.eureka.registry.rule.OverrideExistsRule, com.netflix.eureka.registry.rule.LeaseExistsRule, com.netflix.eureka.registry.rule.AlwaysMatchInstanceStatusRule]
2025-12-05T09:19:09.479+09:00 DEBUG 24416 --- [eureka-server] [http-nio-8761-exec-2] c.n.e.registry.rule.LeaseExistsRule      : There is already an existing lease with status UP  for instance host.docker.internal:user-service:8081
2025-12-05T09:19:09.479+09:00 DEBUG 24416 --- [eureka-server] [http-nio-8761-exec-2] c.n.eureka.registry.ResponseCacheImpl    : Invalidating the response cache key : Application USER-SERVICE V1 JSON, full
2025-12-05T09:19:09.479+09:00 DEBUG 24416 --- [eureka-server] [http-nio-8761-exec-2] c.n.eureka.registry.ResponseCacheImpl    : Invalidating the response cache key : Application USER-SERVICE V1 JSON, compact
2025-12-05T09:19:09.480+09:00 DEBUG 24416 --- [eureka-server] [http-nio-8761-exec-2] c.n.eureka.registry.ResponseCacheImpl    : Invalidating the response cache key : Application ALL_APPS V1 JSON, full
2025-12-05T09:19:09.480+09:00 DEBUG 24416 --- [eureka-server] [http-nio-8761-exec-2] c.n.eureka.registry.ResponseCacheImpl    : Invalidating the response cache key : Application ALL_APPS V1 JSON, compact
2025-12-05T09:19:09.480+09:00 DEBUG 24416 --- [eureka-server] [http-nio-8761-exec-2] c.n.eureka.registry.ResponseCacheImpl    : Invalidating the response cache key : Application ALL_APPS_DELTA V1 JSON, full
2025-12-05T09:19:09.480+09:00 DEBUG 24416 --- [eureka-server] [http-nio-8761-exec-2] c.n.eureka.registry.ResponseCacheImpl    : Invalidating the response cache key : Application ALL_APPS_DELTA V1 JSON, compact
2025-12-05T09:19:09.480+09:00 DEBUG 24416 --- [eureka-server] [http-nio-8761-exec-2] c.n.eureka.registry.ResponseCacheImpl    : Invalidating the response cache key : VIP user-service V1 JSON, full
2025-12-05T09:19:09.480+09:00 DEBUG 24416 --- [eureka-server] [http-nio-8761-exec-2] c.n.eureka.registry.ResponseCacheImpl    : Invalidating the response cache key : SVIP user-service V1 JSON, full
2025-12-05T09:19:09.480+09:00 DEBUG 24416 --- [eureka-server] [http-nio-8761-exec-2] c.n.eureka.registry.ResponseCacheImpl    : Invalidating the response cache key : Application USER-SERVICE V2 JSON, full
2025-12-05T09:19:09.480+09:00 DEBUG 24416 --- [eureka-server] [http-nio-8761-exec-2] c.n.eureka.registry.ResponseCacheImpl    : Invalidating the response cache key : Application USER-SERVICE V2 JSON, compact
2025-12-05T09:19:09.480+09:00 DEBUG 24416 --- [eureka-server] [http-nio-8761-exec-2] c.n.eureka.registry.ResponseCacheImpl    : Invalidating the response cache key : Application ALL_APPS V2 JSON, full
2025-12-05T09:19:09.480+09:00 DEBUG 24416 --- [eureka-server] [http-nio-8761-exec-2] c.n.eureka.registry.ResponseCacheImpl    : Invalidating the response cache key : Application ALL_APPS V2 JSON, compact
2025-12-05T09:19:09.480+09:00 DEBUG 24416 --- [eureka-server] [http-nio-8761-exec-2] c.n.eureka.registry.ResponseCacheImpl    : Invalidating the response cache key : Application ALL_APPS_DELTA V2 JSON, full
2025-12-05T09:19:09.480+09:00 DEBUG 24416 --- [eureka-server] [http-nio-8761-exec-2] c.n.eureka.registry.ResponseCacheImpl    : Invalidating the response cache key : Application ALL_APPS_DELTA V2 JSON, compact
2025-12-05T09:19:09.480+09:00 DEBUG 24416 --- [eureka-server] [http-nio-8761-exec-2] c.n.eureka.registry.ResponseCacheImpl    : Invalidating the response cache key : VIP user-service V2 JSON, full
2025-12-05T09:19:09.480+09:00 DEBUG 24416 --- [eureka-server] [http-nio-8761-exec-2] c.n.eureka.registry.ResponseCacheImpl    : Invalidating the response cache key : SVIP user-service V2 JSON, full
2025-12-05T09:19:09.480+09:00 DEBUG 24416 --- [eureka-server] [http-nio-8761-exec-2] c.n.eureka.registry.ResponseCacheImpl    : Invalidating the response cache key : Application USER-SERVICE V1 XML, full
2025-12-05T09:19:09.480+09:00 DEBUG 24416 --- [eureka-server] [http-nio-8761-exec-2] c.n.eureka.registry.ResponseCacheImpl    : Invalidating the response cache key : Application USER-SERVICE V1 XML, compact
2025-12-05T09:19:09.481+09:00 DEBUG 24416 --- [eureka-server] [http-nio-8761-exec-2] c.n.eureka.registry.ResponseCacheImpl    : Invalidating the response cache key : Application ALL_APPS V1 XML, full
2025-12-05T09:19:09.481+09:00 DEBUG 24416 --- [eureka-server] [http-nio-8761-exec-2] c.n.eureka.registry.ResponseCacheImpl    : Invalidating the response cache key : Application ALL_APPS V1 XML, compact
2025-12-05T09:19:09.481+09:00 DEBUG 24416 --- [eureka-server] [http-nio-8761-exec-2] c.n.eureka.registry.ResponseCacheImpl    : Invalidating the response cache key : Application ALL_APPS_DELTA V1 XML, full
2025-12-05T09:19:09.481+09:00 DEBUG 24416 --- [eureka-server] [http-nio-8761-exec-2] c.n.eureka.registry.ResponseCacheImpl    : Invalidating the response cache key : Application ALL_APPS_DELTA V1 XML, compact
2025-12-05T09:19:09.481+09:00 DEBUG 24416 --- [eureka-server] [http-nio-8761-exec-2] c.n.eureka.registry.ResponseCacheImpl    : Invalidating the response cache key : VIP user-service V1 XML, full
2025-12-05T09:19:09.481+09:00 DEBUG 24416 --- [eureka-server] [http-nio-8761-exec-2] c.n.eureka.registry.ResponseCacheImpl    : Invalidating the response cache key : SVIP user-service V1 XML, full
2025-12-05T09:19:09.481+09:00 DEBUG 24416 --- [eureka-server] [http-nio-8761-exec-2] c.n.eureka.registry.ResponseCacheImpl    : Invalidating the response cache key : Application USER-SERVICE V2 XML, full
2025-12-05T09:19:09.481+09:00 DEBUG 24416 --- [eureka-server] [http-nio-8761-exec-2] c.n.eureka.registry.ResponseCacheImpl    : Invalidating the response cache key : Application USER-SERVICE V2 XML, compact
2025-12-05T09:19:09.481+09:00 DEBUG 24416 --- [eureka-server] [http-nio-8761-exec-2] c.n.eureka.registry.ResponseCacheImpl    : Invalidating the response cache key : Application ALL_APPS V2 XML, full
2025-12-05T09:19:09.481+09:00 DEBUG 24416 --- [eureka-server] [http-nio-8761-exec-2] c.n.eureka.registry.ResponseCacheImpl    : Invalidating the response cache key : Application ALL_APPS V2 XML, compact
2025-12-05T09:19:09.482+09:00 DEBUG 24416 --- [eureka-server] [http-nio-8761-exec-2] c.n.eureka.registry.ResponseCacheImpl    : Invalidating the response cache key : Application ALL_APPS_DELTA V2 XML, full
2025-12-05T09:19:09.482+09:00 DEBUG 24416 --- [eureka-server] [http-nio-8761-exec-2] c.n.eureka.registry.ResponseCacheImpl    : Invalidating the response cache key : Application ALL_APPS_DELTA V2 XML, compact
2025-12-05T09:19:09.482+09:00 DEBUG 24416 --- [eureka-server] [http-nio-8761-exec-2] c.n.eureka.registry.ResponseCacheImpl    : Invalidating the response cache key : VIP user-service V2 XML, full
2025-12-05T09:19:09.482+09:00 DEBUG 24416 --- [eureka-server] [http-nio-8761-exec-2] c.n.eureka.registry.ResponseCacheImpl    : Invalidating the response cache key : SVIP user-service V2 XML, full
2025-12-05T09:19:09.482+09:00  INFO 24416 --- [eureka-server] [http-nio-8761-exec-2] c.n.e.registry.AbstractInstanceRegistry  : Registered instance USER-SERVICE/host.docker.internal:user-service:8081 with status UP (replication=false)
2025-12-05T09:19:12.617+09:00  INFO 24416 --- [eureka-server] [Eureka-EvictionTimer] c.n.e.registry.AbstractInstanceRegistry  : Running the evict task with compensationTime 0ms
2025-12-05T09:19:12.618+09:00 DEBUG 24416 --- [eureka-server] [Eureka-EvictionTimer] c.n.e.registry.AbstractInstanceRegistry  : Running the evict task
2025-12-05T09:19:22.617+09:00  INFO 24416 --- [eureka-server] [Eureka-EvictionTimer] c.n.e.registry.AbstractInstanceRegistry  : Running the evict task with compensationTime 0ms
2025-12-05T09:19:22.617+09:00 DEBUG 24416 --- [eureka-server] [Eureka-EvictionTimer] c.n.e.registry.AbstractInstanceRegistry  : Running the evict task
2025-12-05T09:19:30.002+09:00 DEBUG 24416 --- [eureka-server] [Eureka-CacheFillTimer] c.n.eureka.registry.ResponseCacheImpl    : Updating the client cache from response cache
2025-12-05T09:19:30.003+09:00 DEBUG 24416 --- [eureka-server] [Eureka-CacheFillTimer] c.n.eureka.registry.ResponseCacheImpl    : Updating the client cache from response cache for key : Application ALL_APPS V2 JSON
2025-12-05T09:19:30.003+09:00 DEBUG 24416 --- [eureka-server] [Eureka-CacheFillTimer] c.n.e.registry.AbstractInstanceRegistry  : Fetching applications registry with remote regions: false, Regions argument []
2025-12-05T09:19:30.018+09:00 DEBUG 24416 --- [eureka-server] [Eureka-CacheFillTimer] c.n.eureka.registry.ResponseCacheImpl    : New application cache entry {name=ALL_APPS, type=Application, format=JSON} with apps hashcode UP_1_
2025-12-05T09:19:32.618+09:00  INFO 24416 --- [eureka-server] [Eureka-EvictionTimer] c.n.e.registry.AbstractInstanceRegistry  : Running the evict task with compensationTime 0ms
2025-12-05T09:19:32.618+09:00 DEBUG 24416 --- [eureka-server] [Eureka-EvictionTimer] c.n.e.registry.AbstractInstanceRegistry  : Running the evict task
2025-12-05T09:19:39.409+09:00 DEBUG 24416 --- [eureka-server] [http-nio-8761-exec-5] c.n.e.registry.AbstractInstanceRegistry  : Processing override status using rule: [com.netflix.eureka.registry.rule.DownOrStartingRule, com.netflix.eureka.registry.rule.OverrideExistsRule, com.netflix.eureka.registry.rule.LeaseExistsRule, com.netflix.eureka.registry.rule.AlwaysMatchInstanceStatusRule]
2025-12-05T09:19:39.410+09:00 DEBUG 24416 --- [eureka-server] [http-nio-8761-exec-5] c.n.e.registry.rule.LeaseExistsRule      : There is already an existing lease with status UP  for instance host.docker.internal:user-service:8081
2025-12-05T09:19:39.412+09:00 DEBUG 24416 --- [eureka-server] [http-nio-8761-exec-5] c.n.eureka.resources.InstanceResource    : Found (Renew): USER-SERVICE - host.docker.internal:user-service:8081; reply status=200
2025-12-05T09:19:42.619+09:00  INFO 24416 --- [eureka-server] [Eureka-EvictionTimer] c.n.e.registry.AbstractInstanceRegistry  : Running the evict task with compensationTime 0ms
2025-12-05T09:19:42.619+09:00 DEBUG 24416 --- [eureka-server] [Eureka-EvictionTimer] c.n.e.registry.AbstractInstanceRegistry  : Running the evict task
2025-12-05T09:19:52.619+09:00  INFO 24416 --- [eureka-server] [Eureka-EvictionTimer] c.n.e.registry.AbstractInstanceRegistry  : Running the evict task with compensationTime 0ms
2025-12-05T09:19:52.619+09:00 DEBUG 24416 --- [eureka-server] [Eureka-EvictionTimer] c.n.e.registry.AbstractInstanceRegistry  : Running the evict task
2025-12-05T09:20:00.003+09:00 DEBUG 24416 --- [eureka-server] [Eureka-CacheFillTimer] c.n.eureka.registry.ResponseCacheImpl    : Updating the client cache from response cache
2025-12-05T09:20:00.004+09:00 DEBUG 24416 --- [eureka-server] [Eureka-CacheFillTimer] c.n.eureka.registry.ResponseCacheImpl    : Updating the client cache from response cache for key : Application ALL_APPS V2 JSON
2025-12-05T09:20:02.620+09:00  INFO 24416 --- [eureka-server] [Eureka-EvictionTimer] c.n.e.registry.AbstractInstanceRegistry  : Running the evict task with compensationTime 0ms
2025-12-05T09:20:02.620+09:00 DEBUG 24416 --- [eureka-server] [Eureka-EvictionTimer] c.n.e.registry.AbstractInstanceRegistry  : Running the evict task
2025-12-05T09:20:09.440+09:00 DEBUG 24416 --- [eureka-server] [http-nio-8761-exec-7] c.n.e.registry.AbstractInstanceRegistry  : Processing override status using rule: [com.netflix.eureka.registry.rule.DownOrStartingRule, com.netflix.eureka.registry.rule.OverrideExistsRule, com.netflix.eureka.registry.rule.LeaseExistsRule, com.netflix.eureka.registry.rule.AlwaysMatchInstanceStatusRule]
2025-12-05T09:20:09.441+09:00 DEBUG 24416 --- [eureka-server] [http-nio-8761-exec-7] c.n.e.registry.rule.LeaseExistsRule      : There is already an existing lease with status UP  for instance host.docker.internal:user-service:8081
2025-12-05T09:20:09.441+09:00 DEBUG 24416 --- [eureka-server] [http-nio-8761-exec-7] c.n.eureka.resources.InstanceResource    : Found (Renew): USER-SERVICE - host.docker.internal:user-service:8081; reply status=200
2025-12-05T09:20:09.446+09:00 DEBUG 24416 --- [eureka-server] [http-nio-8761-exec-6] c.n.e.registry.AbstractInstanceRegistry  : The number of elements in the delta queue is : 2
2025-12-05T09:20:09.446+09:00 DEBUG 24416 --- [eureka-server] [http-nio-8761-exec-6] c.n.e.registry.AbstractInstanceRegistry  : The instance id host.docker.internal:user-service:8081 is found with status UP and actiontype ADDED
2025-12-05T09:20:09.446+09:00 DEBUG 24416 --- [eureka-server] [http-nio-8761-exec-6] c.n.e.registry.AbstractInstanceRegistry  : The instance id host.docker.internal:user-service:8081 is found with status UP and actiontype ADDED
2025-12-05T09:20:09.447+09:00 DEBUG 24416 --- [eureka-server] [http-nio-8761-exec-6] c.n.eureka.registry.ResponseCacheImpl    : New application cache entry {name=ALL_APPS_DELTA, type=Application, format=JSON} with apps hashcode UP_1_
2025-12-05T09:20:12.621+09:00  INFO 24416 --- [eureka-server] [Eureka-EvictionTimer] c.n.e.registry.AbstractInstanceRegistry  : Running the evict task with compensationTime 0ms
2025-12-05T09:20:12.621+09:00 DEBUG 24416 --- [eureka-server] [Eureka-EvictionTimer] c.n.e.registry.AbstractInstanceRegistry  : Running the evict task
2025-12-05T09:20:22.623+09:00  INFO 24416 --- [eureka-server] [Eureka-EvictionTimer] c.n.e.registry.AbstractInstanceRegistry  : Running the evict task with compensationTime 2ms
2025-12-05T09:20:22.623+09:00 DEBUG 24416 --- [eureka-server] [Eureka-EvictionTimer] c.n.e.registry.AbstractInstanceRegistry  : Running the evict task
2025-12-05T09:20:30.003+09:00 DEBUG 24416 --- [eureka-server] [Eureka-CacheFillTimer] c.n.eureka.registry.ResponseCacheImpl    : Updating the client cache from response cache
2025-12-05T09:20:30.003+09:00 DEBUG 24416 --- [eureka-server] [Eureka-CacheFillTimer] c.n.eureka.registry.ResponseCacheImpl    : Updating the client cache from response cache for key : Application ALL_APPS_DELTA V2 JSON
2025-12-05T09:20:30.003+09:00 DEBUG 24416 --- [eureka-server] [Eureka-CacheFillTimer] c.n.eureka.registry.ResponseCacheImpl    : Updating the client cache from response cache for key : Application ALL_APPS V2 JSON
2025-12-05T09:20:32.622+09:00  INFO 24416 --- [eureka-server] [Eureka-EvictionTimer] c.n.e.registry.AbstractInstanceRegistry  : Running the evict task with compensationTime 0ms
2025-12-05T09:20:32.622+09:00 DEBUG 24416 --- [eureka-server] [Eureka-EvictionTimer] c.n.e.registry.AbstractInstanceRegistry  : Running the evict task
2025-12-05T09:20:39.482+09:00 DEBUG 24416 --- [eureka-server] [http-nio-8761-exec-10] c.n.e.registry.AbstractInstanceRegistry  : Processing override status using rule: [com.netflix.eureka.registry.rule.DownOrStartingRule, com.netflix.eureka.registry.rule.OverrideExistsRule, com.netflix.eureka.registry.rule.LeaseExistsRule, com.netflix.eureka.registry.rule.AlwaysMatchInstanceStatusRule]
2025-12-05T09:20:39.482+09:00 DEBUG 24416 --- [eureka-server] [http-nio-8761-exec-10] c.n.e.registry.rule.LeaseExistsRule      : There is already an existing lease with status UP  for instance host.docker.internal:user-service:8081
2025-12-05T09:20:39.482+09:00 DEBUG 24416 --- [eureka-server] [http-nio-8761-exec-10] c.n.eureka.resources.InstanceResource    : Found (Renew): USER-SERVICE - host.docker.internal:user-service:8081; reply status=200
2025-12-05T09:20:42.634+09:00  INFO 24416 --- [eureka-server] [Eureka-EvictionTimer] c.n.e.registry.AbstractInstanceRegistry  : Running the evict task with compensationTime 11ms
2025-12-05T09:20:42.634+09:00 DEBUG 24416 --- [eureka-server] [Eureka-EvictionTimer] c.n.e.registry.AbstractInstanceRegistry  : Running the evict task
2025-12-05T09:20:52.640+09:00  INFO 24416 --- [eureka-server] [Eureka-EvictionTimer] c.n.e.registry.AbstractInstanceRegistry  : Running the evict task with compensationTime 5ms
2025-12-05T09:20:52.640+09:00 DEBUG 24416 --- [eureka-server] [Eureka-EvictionTimer] c.n.e.registry.AbstractInstanceRegistry  : Running the evict task
2025-12-05T09:21:00.004+09:00 DEBUG 24416 --- [eureka-server] [Eureka-CacheFillTimer] c.n.eureka.registry.ResponseCacheImpl    : Updating the client cache from response cache
2025-12-05T09:21:00.005+09:00 DEBUG 24416 --- [eureka-server] [Eureka-CacheFillTimer] c.n.eureka.registry.ResponseCacheImpl    : Updating the client cache from response cache for key : Application ALL_APPS_DELTA V2 JSON
2025-12-05T09:21:00.005+09:00 DEBUG 24416 --- [eureka-server] [Eureka-CacheFillTimer] c.n.eureka.registry.ResponseCacheImpl    : Updating the client cache from response cache for key : Application ALL_APPS V2 JSON
2025-12-05T09:21:02.650+09:00  INFO 24416 --- [eureka-server] [Eureka-EvictionTimer] c.n.e.registry.AbstractInstanceRegistry  : Running the evict task with compensationTime 9ms
2025-12-05T09:21:02.650+09:00 DEBUG 24416 --- [eureka-server] [Eureka-EvictionTimer] c.n.e.registry.AbstractInstanceRegistry  : Running the evict task
2025-12-05T09:21:09.514+09:00 DEBUG 24416 --- [eureka-server] [http-nio-8761-exec-1] c.n.e.registry.AbstractInstanceRegistry  : Processing override status using rule: [com.netflix.eureka.registry.rule.DownOrStartingRule, com.netflix.eureka.registry.rule.OverrideExistsRule, com.netflix.eureka.registry.rule.LeaseExistsRule, com.netflix.eureka.registry.rule.AlwaysMatchInstanceStatusRule]
2025-12-05T09:21:09.514+09:00 DEBUG 24416 --- [eureka-server] [http-nio-8761-exec-1] c.n.e.registry.rule.LeaseExistsRule      : There is already an existing lease with status UP  for instance host.docker.internal:user-service:8081
2025-12-05T09:21:09.515+09:00 DEBUG 24416 --- [eureka-server] [http-nio-8761-exec-1] c.n.eureka.resources.InstanceResource    : Found (Renew): USER-SERVICE - host.docker.internal:user-service:8081; reply status=200
